[    0.000000] Initializing cgroup subsys cpuset
[    0.000000] Initializing cgroup subsys cpu
[    0.000000] Initializing cgroup subsys cpuacct
[    0.000000] Linux version 4.4.0-184-generic (buildd@lgw01-amd64-060) (gcc version 5.4.0 20160609 (Ubuntu 5.4.0-6ubuntu1~16.04.12) ) #214-Ubuntu SMP Thu Jun 4 10:14:11 UTC 2020 (Ubuntu 4.4.0-184.214-generic 4.4.223)
[    0.000000] Command line: BOOT_IMAGE=/boot/vmlinuz-4.4.0-184-generic root=LABEL=cloudimg-rootfs ro console=tty1 console=ttyS0
[    0.000000] KERNEL supported cpus:
[    0.000000]   Intel GenuineIntel
[    0.000000]   AMD AuthenticAMD
[    0.000000]   Centaur CentaurHauls
[    0.000000] x86/fpu: xstate_offset[2]:  576, xstate_sizes[2]:  256
[    0.000000] x86/fpu: Supporting XSAVE feature 0x01: 'x87 floating point registers'
[    0.000000] x86/fpu: Supporting XSAVE feature 0x02: 'SSE registers'
[    0.000000] x86/fpu: Supporting XSAVE feature 0x04: 'AVX registers'
[    0.000000] x86/fpu: Enabled xstate features 0x7, context size is 832 bytes, using 'standard' format.
[    0.000000] e820: BIOS-provided physical RAM map:
[    0.000000] BIOS-e820: [mem 0x0000000000000000-0x000000000009fbff] usable
[    0.000000] BIOS-e820: [mem 0x000000000009fc00-0x000000000009ffff] reserved
[    0.000000] BIOS-e820: [mem 0x00000000000f0000-0x00000000000fffff] reserved
[    0.000000] BIOS-e820: [mem 0x0000000000100000-0x000000003ffeffff] usable
[    0.000000] BIOS-e820: [mem 0x000000003fff0000-0x000000003fffffff] ACPI data
[    0.000000] BIOS-e820: [mem 0x00000000fec00000-0x00000000fec00fff] reserved
[    0.000000] BIOS-e820: [mem 0x00000000fee00000-0x00000000fee00fff] reserved
[    0.000000] BIOS-e820: [mem 0x00000000fffc0000-0x00000000ffffffff] reserved
[    0.000000] NX (Execute Disable) protection: active
[    0.000000] SMBIOS 2.5 present.
[    0.000000] Hypervisor detected: KVM
[    0.000000] e820: last_pfn = 0x3fff0 max_arch_pfn = 0x400000000
[    0.000000] MTRR: Disabled
[    0.000000] x86/PAT: MTRRs disabled, skipping PAT initialization too.
[    0.000000] CPU MTRRs all blank - virtualized system.
[    0.000000] x86/PAT: Configuration [0-7]: WB  WT  UC- UC  WB  WT  UC- UC  
[    0.000000] found SMP MP-table at [mem 0x0009fff0-0x0009ffff] mapped at [ffff88000009fff0]
[    0.000000] Scanning 1 areas for low memory corruption
[    0.000000] RAMDISK: [mem 0x362de000-0x37166fff]
[    0.000000] ACPI: Early table checksum verification disabled
[    0.000000] ACPI: RSDP 0x00000000000E0000 000024 (v02 VBOX  )
[    0.000000] ACPI: XSDT 0x000000003FFF0030 00003C (v01 VBOX   VBOXXSDT 00000001 ASL  00000061)
[    0.000000] ACPI: FACP 0x000000003FFF00F0 0000F4 (v04 VBOX   VBOXFACP 00000001 ASL  00000061)
[    0.000000] ACPI: DSDT 0x000000003FFF0470 002325 (v02 VBOX   VBOXBIOS 00000002 INTL 20100528)
[    0.000000] ACPI: FACS 0x000000003FFF0200 000040
[    0.000000] ACPI: FACS 0x000000003FFF0200 000040
[    0.000000] ACPI: APIC 0x000000003FFF0240 00005C (v02 VBOX   VBOXAPIC 00000001 ASL  00000061)
[    0.000000] ACPI: SSDT 0x000000003FFF02A0 0001CC (v01 VBOX   VBOXCPUT 00000002 INTL 20100528)
[    0.000000] No NUMA configuration found
[    0.000000] Faking a node at [mem 0x0000000000000000-0x000000003ffeffff]
[    0.000000] NODE_DATA(0) allocated [mem 0x3ffeb000-0x3ffeffff]
[    0.000000] kvm-clock: Using msrs 4b564d01 and 4b564d00
[    0.000000] kvm-clock: cpu 0, msr 0:3ffe3001, primary cpu clock
[    0.000000] kvm-clock: using sched offset of 3559417251 cycles
[    0.000000] clocksource: kvm-clock: mask: 0xffffffffffffffff max_cycles: 0x1cd42e4dffb, max_idle_ns: 881590591483 ns
[    0.000000] Zone ranges:
[    0.000000]   DMA      [mem 0x0000000000001000-0x0000000000ffffff]
[    0.000000]   DMA32    [mem 0x0000000001000000-0x000000003ffeffff]
[    0.000000]   Normal   empty
[    0.000000]   Device   empty
[    0.000000] Movable zone start for each node
[    0.000000] Early memory node ranges
[    0.000000]   node   0: [mem 0x0000000000001000-0x000000000009efff]
[    0.000000]   node   0: [mem 0x0000000000100000-0x000000003ffeffff]
[    0.000000] Initmem setup node 0 [mem 0x0000000000001000-0x000000003ffeffff]
[    0.000000] ACPI: PM-Timer IO Port: 0x4008
[    0.000000] IOAPIC[0]: apic_id 2, version 32, address 0xfec00000, GSI 0-23
[    0.000000] ACPI: INT_SRC_OVR (bus 0 bus_irq 0 global_irq 2 dfl dfl)
[    0.000000] ACPI: INT_SRC_OVR (bus 0 bus_irq 9 global_irq 9 low level)
[    0.000000] Using ACPI (MADT) for SMP configuration information
[    0.000000] smpboot: Allowing 2 CPUs, 0 hotplug CPUs
[    0.000000] PM: Registered nosave memory: [mem 0x00000000-0x00000fff]
[    0.000000] PM: Registered nosave memory: [mem 0x0009f000-0x0009ffff]
[    0.000000] PM: Registered nosave memory: [mem 0x000a0000-0x000effff]
[    0.000000] PM: Registered nosave memory: [mem 0x000f0000-0x000fffff]
[    0.000000] e820: [mem 0x40000000-0xfebfffff] available for PCI devices
[    0.000000] Booting paravirtualized kernel on KVM
[    0.000000] clocksource: refined-jiffies: mask: 0xffffffff max_cycles: 0xffffffff, max_idle_ns: 7645519600211568 ns
[    0.000000] setup_percpu: NR_CPUS:512 nr_cpumask_bits:512 nr_cpu_ids:2 nr_node_ids:1
[    0.000000] PERCPU: Embedded 33 pages/cpu @ffff88003fc00000 s95448 r8192 d31528 u1048576
[    0.000000] Built 1 zonelists in Node order, mobility grouping on.  Total pages: 257912
[    0.000000] Policy zone: DMA32
[    0.000000] Kernel command line: BOOT_IMAGE=/boot/vmlinuz-4.4.0-184-generic root=LABEL=cloudimg-rootfs ro console=tty1 console=ttyS0
[    0.000000] PID hash table entries: 4096 (order: 3, 32768 bytes)
[    0.000000] Memory: 997664K/1048120K available (8632K kernel code, 1336K rwdata, 4036K rodata, 1492K init, 1292K bss, 50456K reserved, 0K cma-reserved)
[    0.000000] SLUB: HWalign=64, Order=0-3, MinObjects=0, CPUs=2, Nodes=1
[    0.000000] Kernel/User page tables isolation: enabled
[    0.000000] Hierarchical RCU implementation.
[    0.000000] 	Build-time adjustment of leaf fanout to 64.
[    0.000000] 	RCU restricting CPUs from NR_CPUS=512 to nr_cpu_ids=2.
[    0.000000] RCU: Adjusting geometry for rcu_fanout_leaf=64, nr_cpu_ids=2
[    0.000000] NR_IRQS:33024 nr_irqs:440 16
[    0.000000] Console: colour VGA+ 80x25
[    0.000000] console [tty1] enabled
[    0.000000] console [ttyS0] enabled
[    0.000000] tsc: Detected 2711.998 MHz processor
[    0.131071] Calibrating delay loop (skipped) preset value.. 5423.99 BogoMIPS (lpj=10847992)
[    0.132618] pid_max: default: 32768 minimum: 301
[    0.133458] ACPI: Core revision 20150930
[    0.134836] ACPI: 2 ACPI AML tables successfully acquired and loaded
[    0.136058] Security Framework initialized
[    0.136818] Yama: becoming mindful.
[    0.137501] AppArmor: AppArmor initialized
[    0.138329] Dentry cache hash table entries: 131072 (order: 8, 1048576 bytes)
[    0.140587] Inode-cache hash table entries: 65536 (order: 7, 524288 bytes)
[    0.141805] Mount-cache hash table entries: 2048 (order: 2, 16384 bytes)
[    0.143733] Mountpoint-cache hash table entries: 2048 (order: 2, 16384 bytes)
[    0.145198] Initializing cgroup subsys io
[    0.145981] Initializing cgroup subsys memory
[    0.147447] Initializing cgroup subsys devices
[    0.148282] Initializing cgroup subsys freezer
[    0.149107] Initializing cgroup subsys net_cls
[    0.149953] Initializing cgroup subsys perf_event
[    0.150839] Initializing cgroup subsys net_prio
[    0.151681] Initializing cgroup subsys hugetlb
[    0.152490] Initializing cgroup subsys pids
[    0.154661] mce: CPU supports 0 MCE banks
[    0.155579] Last level iTLB entries: 4KB 64, 2MB 8, 4MB 8
[    0.156743] Last level dTLB entries: 4KB 64, 2MB 0, 4MB 0, 1GB 4
[    0.157821] Spectre V1 : Mitigation: usercopy/swapgs barriers and __user pointer sanitization
[    0.159998] Spectre V2 : Mitigation: Full generic retpoline
[    0.161100] Spectre V2 : Spectre v2 / SpectreRSB mitigation: Filling RSB on context switch
[    0.162611] Speculative Store Bypass: Vulnerable
[    0.163493] SRBDS: Unknown: Dependent on hypervisor status
[    0.164535] MDS: Mitigation: Clear CPU buffers
[    0.167433] Freeing SMP alternatives memory: 36K
[    0.173210] ftrace: allocating 32319 entries in 127 pages
[    0.221979] smpboot: APIC(0) Converting physical 0 to logical package 0
[    0.223784] smpboot: Max logical packages: 1
[    0.224996] x2apic enabled
[    0.225877] Switched APIC routing to physical x2apic.
[    0.228257] ..TIMER: vector=0x30 apic1=0 pin1=2 apic2=-1 pin2=-1
[    0.337556] smpboot: CPU0: Intel(R) Core(TM) i7-8559U CPU @ 2.70GHz (family: 0x6, model: 0x8e, stepping: 0xa)
[    0.340395] Performance Events: unsupported p6 CPU model 142 no PMU driver, software events only.
[    0.350833] KVM setup paravirtual spinlock
[    0.352684] x86: Booting SMP configuration:
[    0.353596] .... node  #0, CPUs:      #1
[    0.354607] kvm-clock: cpu 1, msr 0:3ffe3041, secondary cpu clock
[    0.356455] mce: CPU supports 0 MCE banks
[    0.359186] x86: Booted up 1 node, 2 CPUs
[    0.360535] smpboot: Total of 2 processors activated (10847.99 BogoMIPS)
[    0.362337] devtmpfs: initialized
[    0.364563] evm: security.selinux
[    0.365329] evm: security.SMACK64
[    0.365987] evm: security.SMACK64EXEC
[    0.366693] evm: security.SMACK64TRANSMUTE
[    0.367459] evm: security.SMACK64MMAP
[    0.368182] evm: security.ima
[    0.368783] evm: security.capability
[    0.369699] clocksource: jiffies: mask: 0xffffffff max_cycles: 0xffffffff, max_idle_ns: 7645041785100000 ns
[    0.371802] futex hash table entries: 512 (order: 3, 32768 bytes)
[    0.372978] pinctrl core: initialized pinctrl subsystem
[    0.374019] RTC time: 15:23:57, date: 06/22/20
[    0.374969] NET: Registered protocol family 16
[    0.385212] cpuidle: using governor ladder
[    0.397602] cpuidle: using governor menu
[    0.398541] PCCT header not found.
[    0.399347] ACPI: bus type PCI registered
[    0.400165] acpiphp: ACPI Hot Plug PCI Controller Driver version: 0.5
[    0.401443] PCI: Using configuration type 1 for base access
[    0.414138] ACPI: Added _OSI(Module Device)
[    0.414984] ACPI: Added _OSI(Processor Device)
[    0.415905] ACPI: Added _OSI(3.0 _SCP Extensions)
[    0.416820] ACPI: Added _OSI(Processor Aggregator Device)
[    0.418556] ACPI: Executed 1 blocks of module-level executable AML code
[    0.421484] ACPI: Interpreter enabled
[    0.422641] ACPI: (supports S0 S5)
[    0.423328] ACPI: Using IOAPIC for interrupt routing
[    0.424502] PCI: Using host bridge windows from ACPI; if necessary, use "pci=nocrs" and report a bug
[    0.430375] ACPI: PCI Root Bridge [PCI0] (domain 0000 [bus 00-ff])
[    0.431522] acpi PNP0A03:00: _OSC: OS supports [ASPM ClockPM Segments MSI]
[    0.432910] acpi PNP0A03:00: _OSC: not requesting OS control; OS requires [ExtendedConfig ASPM ClockPM MSI]
[    0.434708] acpi PNP0A03:00: fail to add MMCONFIG information, can't access extended PCI configuration space under this bridge.
[    0.437075] PCI host bridge to bus 0000:00
[    0.437866] pci_bus 0000:00: root bus resource [io  0x0000-0x0cf7 window]
[    0.439043] pci_bus 0000:00: root bus resource [io  0x0d00-0xffff window]
[    0.440264] pci_bus 0000:00: root bus resource [mem 0x000a0000-0x000bffff window]
[    0.441698] pci_bus 0000:00: root bus resource [mem 0x40000000-0xfdffffff window]
[    0.443085] pci_bus 0000:00: root bus resource [bus 00-ff]
[    0.446066] pci 0000:00:01.1: legacy IDE quirk: reg 0x10: [io  0x01f0-0x01f7]
[    0.447432] pci 0000:00:01.1: legacy IDE quirk: reg 0x14: [io  0x03f6]
[    0.448550] pci 0000:00:01.1: legacy IDE quirk: reg 0x18: [io  0x0170-0x0177]
[    0.458010] pci 0000:00:01.1: legacy IDE quirk: reg 0x1c: [io  0x0376]
[    0.470019] pci 0000:00:07.0: quirk: [io  0x4000-0x403f] claimed by PIIX4 ACPI
[    0.471670] pci 0000:00:07.0: quirk: [io  0x4100-0x410f] claimed by PIIX4 SMB
[    0.480312] ACPI: PCI Interrupt Link [LNKA] (IRQs 5 9 10 *11)
[    0.481900] ACPI: PCI Interrupt Link [LNKB] (IRQs 5 9 *10 11)
[    0.483218] ACPI: PCI Interrupt Link [LNKC] (IRQs 5 *9 10 11)
[    0.484630] ACPI: PCI Interrupt Link [LNKD] (IRQs 5 9 10 *11)
[    0.486050] ACPI: Enabled 2 GPEs in block 00 to 07
[    0.487315] vgaarb: setting as boot device: PCI:0000:00:02.0
[    0.488307] vgaarb: device added: PCI:0000:00:02.0,decodes=io+mem,owns=io+mem,locks=none
[    0.489852] vgaarb: loaded
[    0.490433] vgaarb: bridge control possible 0000:00:02.0
[    0.491707] SCSI subsystem initialized
[    0.492678] ACPI: bus type USB registered
[    0.493575] usbcore: registered new interface driver usbfs
[    0.494615] usbcore: registered new interface driver hub
[    0.495633] usbcore: registered new device driver usb
[    0.497008] PCI: Using ACPI for IRQ routing
[    0.499127] NetLabel: Initializing
[    0.499960] NetLabel:  domain hash size = 128
[    0.500833] NetLabel:  protocols = UNLABELED CIPSOv4
[    0.502120] NetLabel:  unlabeled traffic allowed by default
[    0.503460] amd_nb: Cannot enumerate AMD northbridges
[    0.504508] clocksource: Switched to clocksource kvm-clock
[    0.511836] AppArmor: AppArmor Filesystem Enabled
[    0.513312] pnp: PnP ACPI init
[    0.514878] pnp: PnP ACPI: found 3 devices
[    0.524680] clocksource: acpi_pm: mask: 0xffffff max_cycles: 0xffffff, max_idle_ns: 2085701024 ns
[    0.526304] NET: Registered protocol family 2
[    0.527380] TCP established hash table entries: 8192 (order: 4, 65536 bytes)
[    0.529060] TCP bind hash table entries: 8192 (order: 5, 131072 bytes)
[    0.530205] TCP: Hash tables configured (established 8192 bind 8192)
[    0.531310] UDP hash table entries: 512 (order: 2, 16384 bytes)
[    0.533354] UDP-Lite hash table entries: 512 (order: 2, 16384 bytes)
[    0.534536] NET: Registered protocol family 1
[    0.535348] pci 0000:00:00.0: Limiting direct PCI/PCI transfers
[    0.536399] pci 0000:00:01.0: Activating ISA DMA hang workarounds
[    0.538095] Unpacking initramfs...
[    0.726006] Freeing initrd memory: 14884K
[    0.727467] clocksource: tsc: mask: 0xffffffffffffffff max_cycles: 0x27178451938, max_idle_ns: 440795251172 ns
[    0.729816] platform rtc_cmos: registered platform RTC device (no PNP device found)
[    0.731258] Scanning for low memory corruption every 60 seconds
[    0.732594] audit: initializing netlink subsys (disabled)
[    0.733566] audit: type=2000 audit(1592839443.363:1): initialized
[    0.734798] Initialise system trusted keyring
[    0.735722] HugeTLB registered 2 MB page size, pre-allocated 0 pages
[    0.737755] zbud: loaded
[    0.738567] VFS: Disk quotas dquot_6.6.0
[    0.739503] VFS: Dquot-cache hash table entries: 512 (order 0, 4096 bytes)
[    0.740960] squashfs: version 4.0 (2009/01/31) Phillip Lougher
[    0.742221] fuse init (API version 7.23)
[    0.743051] Key type big_key registered
[    0.743797] Allocating IMA MOK and blacklist keyrings.
[    0.745406] Key type asymmetric registered
[    0.746184] Asymmetric key parser 'x509' registered
[    0.747120] Block layer SCSI generic (bsg) driver version 0.4 loaded (major 249)
[    0.748582] io scheduler noop registered
[    0.749331] io scheduler deadline registered (default)
[    0.750274] io scheduler cfq registered
[    0.751087] pci_hotplug: PCI Hot Plug PCI Core version: 0.5
[    0.752071] pciehp: PCI Express Hot Plug Controller Driver version: 0.4
[    0.753570] ACPI: AC Adapter [AC] (off-line)
[    0.754420] input: Power Button as /devices/LNXSYSTM:00/LNXPWRBN:00/input/input0
[    0.755804] ACPI: Power Button [PWRF]
[    0.756571] input: Sleep Button as /devices/LNXSYSTM:00/LNXSLPBN:00/input/input1
[    0.758198] ACPI: Sleep Button [SLPF]
[    0.759335] GHES: HEST is not enabled!
[    0.760491] Serial: 8250/16550 driver, 32 ports, IRQ sharing enabled
[    0.760578] ACPI: Battery Slot [BAT0] (battery present)
[    0.783531] 00:02: ttyS0 at I/O 0x3f8 (irq = 4, base_baud = 115200) is a 16550A
[    0.786856] Linux agpgart interface v0.103
[    0.789518] loop: module loaded
[    0.790874] scsi host0: ata_piix
[    0.791613] scsi host1: ata_piix
[    0.792278] ata1: PATA max UDMA/33 cmd 0x1f0 ctl 0x3f6 bmdma 0xd000 irq 14
[    0.793501] ata2: PATA max UDMA/33 cmd 0x170 ctl 0x376 bmdma 0xd008 irq 15
[    0.794843] libphy: Fixed MDIO Bus: probed
[    0.795660] tun: Universal TUN/TAP device driver, 1.6
[    0.796737] tun: (C) 1999-2004 Max Krasnyansky <maxk@qualcomm.com>
[    0.797848] PPP generic driver version 2.4.2
[    0.798709] ehci_hcd: USB 2.0 'Enhanced' Host Controller (EHCI) Driver
[    0.799840] ehci-pci: EHCI PCI platform driver
[    0.800675] ehci-platform: EHCI generic platform driver
[    0.801670] ohci_hcd: USB 1.1 'Open' Host Controller (OHCI) Driver
[    0.802742] ohci-pci: OHCI PCI platform driver
[    0.803564] ohci-platform: OHCI generic platform driver
[    0.804510] uhci_hcd: USB Universal Host Controller Interface driver
[    0.805691] i8042: PNP: PS/2 Controller [PNP0303:PS2K,PNP0f03:PS2M] at 0x60,0x64 irq 1,12
[    0.808039] serio: i8042 KBD port at 0x60,0x64 irq 1
[    0.809115] serio: i8042 AUX port at 0x60,0x64 irq 12
[    0.810572] mousedev: PS/2 mouse device common for all mice
[    0.812258] input: AT Translated Set 2 keyboard as /devices/platform/i8042/serio0/input/input2
[    0.813905] rtc_cmos rtc_cmos: rtc core: registered rtc_cmos as rtc0
[    0.815135] rtc_cmos rtc_cmos: alarms up to one day, 114 bytes nvram
[    0.816244] i2c /dev entries driver
[    0.817016] device-mapper: uevent: version 1.0.3
[    0.817983] device-mapper: ioctl: 4.34.0-ioctl (2015-10-28) initialised: dm-devel@redhat.com
[    0.819999] ledtrig-cpu: registered to indicate activity on CPUs
[    0.821550] NET: Registered protocol family 10
[    0.822524] NET: Registered protocol family 17
[    0.823485] Key type dns_resolver registered
[    0.824453] registered taskstats version 1
[    0.825336] Loading compiled-in X.509 certificates
[    0.826978] Loaded X.509 cert 'Build time autogenerated kernel key: b6ae09eed57f82583ccd3c65c463e852cdd7a0b5'
[    0.829198] zswap: loaded using pool lzo/zbud
[    0.831584] Key type trusted registered
[    0.834615] Key type encrypted registered
[    0.835386] AppArmor: AppArmor sha1 policy hashing enabled
[    0.836383] ima: No TPM chip found, activating TPM-bypass!
[    0.837742] ima: Allocated hash algorithm: sha1
[    0.838604] evm: HMAC attrs: 0x1
[    0.839676]   Magic number: 8:68:387
[    0.840459] rtc_cmos rtc_cmos: setting system clock to 2020-06-22 15:23:58 UTC (1592839438)
[    0.842373] BIOS EDD facility v0.16 2004-Jun-25, 0 devices found
[    0.843732] EDD information not available.
[    1.395215] Freeing unused kernel memory: 1492K
[    1.396436] Write protecting the kernel read-only data: 14336k
[    1.398625] Freeing unused kernel memory: 1596K
[    1.399699] Freeing unused kernel memory: 60K
Loading, please wait...
starting version 229
[    1.412607] random: systemd-udevd: uninitialized urandom read (16 bytes read, 3 bits of entropy available)
[    1.413081] random: udevadm: uninitialized urandom read (16 bytes read, 3 bits of entropy available)
[    1.413095] random: udevadm: uninitialized urandom read (16 bytes read, 3 bits of entropy available)
[    1.417979] random: systemd-udevd: uninitialized urandom read (16 bytes read, 3 bits of entropy available)
[    1.419009] random: udevadm: uninitialized urandom read (16 bytes read, 3 bits of entropy available)
[    1.419040] random: udevadm: uninitialized urandom read (16 bytes read, 3 bits of entropy available)
[    1.419140] random: udevadm: uninitialized urandom read (16 bytes read, 3 bits of entropy available)
[    1.419176] random: udevadm: uninitialized urandom read (16 bytes read, 3 bits of entropy available)
[    1.419211] random: udevadm: uninitialized urandom read (16 bytes read, 3 bits of entropy available)
[    1.419248] random: udevadm: uninitialized urandom read (16 bytes read, 3 bits of entropy available)
[    1.464206] e1000: Intel(R) PRO/1000 Network Driver - version 7.3.21-k8-NAPI
[    1.465461] e1000: Copyright (c) 1999-2006 Intel Corporation.
[    1.469998] Fusion MPT base driver 3.04.20
[    1.471186] Copyright (c) 1999-2008 LSI Corporation
[    1.479543] Fusion MPT SPI Host driver 3.04.20
[    1.488925] AVX2 version of gcm_enc/dec engaged.
[    1.490149] AES CTR mode by8 optimization enabled
[    1.681662] input: ImExPS/2 Generic Explorer Mouse as /devices/platform/i8042/serio1/input/input4
[    1.854748] e1000 0000:00:03.0 eth0: (PCI:33MHz:32-bit) 02:89:fa:04:16:8f
[    1.857300] e1000 0000:00:03.0 eth0: Intel(R) PRO/1000 Network Connection
[    2.250203] e1000 0000:00:08.0 eth1: (PCI:33MHz:32-bit) 08:00:27:35:17:9d
[    2.251981] e1000 0000:00:08.0 eth1: Intel(R) PRO/1000 Network Connection
[    2.255063] e1000 0000:00:03.0 enp0s3: renamed from eth0
[    2.256888] mptbase: ioc0: Initiating bringup
[    2.269570] e1000 0000:00:08.0 enp0s8: renamed from eth1
[    2.447351] ioc0: LSI53C1030 A0: Capabilities={Initiator}
[    4.375813] scsi host2: ioc0: LSI53C1030 A0, FwRev=00000000h, Ports=1, MaxQ=256, IRQ=20
[    5.623214] scsi 2:0:0:0: Direct-Access     VBOX     HARDDISK         1.0  PQ: 0 ANSI: 5
[    5.626427] scsi target2:0:0: Beginning Domain Validation
[    5.629284] scsi target2:0:0: Domain Validation skipping write tests
[    5.630506] scsi target2:0:0: Ending Domain Validation
[    5.631543] scsi target2:0:0: asynchronous
[    5.632708] scsi 2:0:1:0: Direct-Access     VBOX     HARDDISK         1.0  PQ: 0 ANSI: 5
[    5.641284] scsi target2:0:1: Beginning Domain Validation
[    5.643349] scsi target2:0:1: Domain Validation skipping write tests
[    5.644722] scsi target2:0:1: Ending Domain Validation
[    5.645681] scsi target2:0:1: asynchronous
[    5.650773] sd 2:0:0:0: Attached scsi generic sg0 type 0
[    5.651890] sd 2:0:0:0: [sda] 20971520 512-byte logical blocks: (10.7 GB/10.0 GiB)
[    5.653830] sd 2:0:1:0: [sdb] 20480 512-byte logical blocks: (10.5 MB/10.0 MiB)
[    5.656407] sd 2:0:1:0: Attached scsi generic sg1 type 0
[    5.657999] sd 2:0:0:0: [sda] Write Protect is off
[    5.658049] sd 2:0:1:0: [sdb] Write Protect is off
[    5.658204] sd 2:0:1:0: [sdb] Incomplete mode parameter data
[    5.658205] sd 2:0:1:0: [sdb] Assuming drive cache: write through
[    5.659844] sd 2:0:1:0: [sdb] Attached SCSI disk
[    5.663907] sd 2:0:0:0: [sda] Incomplete mode parameter data
[    5.664994] sd 2:0:0:0: [sda] Assuming drive cache: write through
[    5.667894]  sda: sda1
[    5.669052] sd 2:0:0:0: [sda] Attached SCSI disk
Begin: Loading essential drivers ... [    6.930984] md: linear personality registered for level -1
[    6.933815] md: multipath personality registered for level -4
[    6.936518] md: raid0 personality registered for level 0
[    6.940248] md: raid1 personality registered for level 1
[    7.008720] raid6: sse2x1   gen() 12621 MB/s
[    7.077328] raid6: sse2x1   xor()  9405 MB/s
[    7.144641] raid6: sse2x2   gen() 14841 MB/s
[    7.212740] raid6: sse2x2   xor() 11137 MB/s
[    7.280536] raid6: sse2x4   gen() 18529 MB/s
[    7.349020] raid6: sse2x4   xor() 12189 MB/s
[    7.416528] raid6: avx2x1   gen() 23003 MB/s
[    7.486325] raid6: avx2x2   gen() 29075 MB/s
[    7.552982] raid6: avx2x4   gen() 32618 MB/s
[    7.554189] raid6: using algorithm avx2x4 gen() 32618 MB/s
[    7.555472] raid6: using avx2x2 recovery algorithm
[    7.558340] xor: automatically using best checksumming function:
[    7.596596]    avx       : 30654.000 MB/sec
[    7.598586] async_tx: api initialized (async)
[    7.609240] md: raid6 personality registered for level 6
[    7.610518] md: raid5 personality registered for level 5
[    7.611416] md: raid4 personality registered for level 4
[    7.617787] md: raid10 personality registered for level 10
done.
Begin: Running /scripts/init-premount ... done.
Begin: Mounting root file system ... Begin: Running /scripts/local-top ... done.
Begin: Running /scripts/local-premount ... [    7.642058] Btrfs loaded
Scanning for Btrfs filesystems
done.
Warning: fsck not present, so skipping root file system
[    7.665488] EXT4-fs (sda1): mounted filesystem with ordered data mode. Opts: (null)
done.
Begin: Running /scripts/local-bottom ... done.
Begin: Running /scripts/init-bottom ... done.
[    7.751942] systemd[1]: systemd 229 running in system mode. (+PAM +AUDIT +SELINUX +IMA +APPARMOR +SMACK +SYSVINIT +UTMP +LIBCRYPTSETUP +GCRYPT +GNUTLS +ACL +XZ -LZ4 +SECCOMP +BLKID +ELFUTILS +KMOD -IDN)
[    7.755503] systemd[1]: Detected virtualization oracle.
[    7.756847] systemd[1]: Detected architecture x86-64.

Welcome to [1mUbuntu 16.04.6 LTS[0m!

[    7.761133] systemd[1]: Set hostname to <ubuntu-xenial>.
[    7.873800] systemd[1]: Started Trigger resolvconf update for networkd DNS.
[[0;32m  OK  [0m] Started Trigger resolvconf update for networkd DNS.
[    7.876316] systemd[1]: Listening on Journal Audit Socket.
[[0;32m  OK  [0m] Listening on Journal Audit Socket.
[    7.878258] systemd[1]: Listening on LVM2 metadata daemon socket.
[[0;32m  OK  [0m] Listening on LVM2 metadata daemon socket.
[    7.880307] systemd[1]: Listening on /dev/initctl Compatibility Named Pipe.
[[0;32m  OK  [0m] Listening on /dev/initctl Compatibility Named Pipe.
[    7.882604] systemd[1]: Listening on Device-mapper event daemon FIFOs.
[[0;32m  OK  [0m] Listening on Device-mapper event daemon FIFOs.
[    7.884964] systemd[1]: Created slice User and Session Slice.
[[0;32m  OK  [0m] Created slice User and Session Slice.
[    7.887012] systemd[1]: Reached target Swap.
[[0;32m  OK  [0m] Reached target Swap.
[    7.888822] systemd[1]: Created slice System Slice.
[[0;32m  OK  [0m] Created slice System Slice.
[    7.890492] systemd[1]: Reached target Slices.
[[0;32m  OK  [0m] Reached target Slices.
[    7.892209] systemd[1]: Created slice system-serial\x2dgetty.slice.
[[0;32m  OK  [0m] Created slice system-serial\x2dgetty.slice.
[    7.894368] systemd[1]: Listening on Journal Socket.
[[0;32m  OK  [0m] Listening on Journal Socket.
[    7.908767] systemd[1]: Mounting Debug File System...
         Mounting Debug File System...
[    7.911365] systemd[1]: Starting Uncomplicated firewall...
         Starting Uncomplicated firewall...
[    7.914318] systemd[1]: Starting Create list of required static device nodes for the current kernel...
         Starting Create list of required st... nodes for the current kernel...
[    7.917598] systemd[1]: Set up automount Arbitrary Executable File Formats File System Automount Point.
[[0;32m  OK  [0m] Set up automount Arbitrary Executab...ats File System Automount Point.
[    7.922377] systemd[1]: Starting Set console keymap...
         Starting Set console keymap...
[    7.924213] systemd[1]: Listening on Journal Socket (/dev/log).
[[0;32m  OK  [0m] Listening on Journal Socket (/dev/log).
[    7.926997] systemd[1]: Mounting Huge Pages File System...
         Mounting Huge Pages File System...
[    7.930720] systemd[1]: Starting Load Kernel Modules...
         Starting Load Kernel Modules...
[    7.933124] systemd[1]: Starting Remount Root and Kernel File Systems...
         Starting Remount Root and Kernel File Systems...
[    7.935328] systemd[1]: Started Forward Password Requests to Wall Directory Watch.
[[0;32m  OK  [0m] Started Forward Password Requests to Wall Directory Watch.
[    7.938517] systemd[1]: Listening on Syslog Socket.
[[0;32m  OK  [0m] Listening on Syslog Socket.
[    7.940438] Loading iSCSI transport class v2.0-870.
[    7.940874] systemd[1]: Starting Journal Service...
         Starting Journal Service...
[    7.944653] systemd[1]: Listening on udev Control Socket.
[    7.945725] EXT4-fs (sda1): re-mounted. Opts: (null)
[[0;32m  OK  [0m] Listening on udev Control Socket.
[    7.947369] systemd[1]: Listening on udev Kernel Socket.
[[0;32m  OK  [0m] Listening on udev Kernel Socket.
[    7.949880] systemd[1]: Starting Nameserver information manager...
         Starting Nameserver information manager...
[    7.951946] systemd[1]: Reached target System Time Synchronized.
[[0;32m  OK  [0m] Reached target System Time Synchronized.
[    7.954381] systemd[1]: Reached target User and Group Name Lookups.
[[0;32m  OK  [0m] Reached target User and Group Name Lookups.
[    7.957377] systemd[1]: Mounting POSIX Message Queue File System...
         Mounting POSIX Message Queue File System...
[    7.959958] systemd[1]: Starting Monitoring of LVM2 mirrors, snapshots etc. using dmeventd or progress polling...
         Starting Monitoring of LVM2 mirrors... dmeventd or progress polling...
[    7.963139] systemd[1]: Reached target Encrypted Volumes.
[[0;32m  OK  [0m] Reached target Encrypted Volumes.
[    7.965437] systemd[1]: Listening on LVM2 poll daemon socket.
[[0;32m  OK  [0m] Listening on LVM2 poll daemon socket.
[    7.969972] iscsi: registered transport (tcp)
[    7.973457] systemd[1]: Mounted Huge Pages File System.
[[0;32m  OK  [0m] Mounted Huge Pages File System.
[    7.975656] systemd[1]: Mounted POSIX Message Queue File System.
[[0;32m  OK  [0m] Mounted POSIX Message Queue File System.
[    7.977950] systemd[1]: Mounted Debug File System.
[[0;32m  OK  [0m] Mounted Debug File System.
[    7.980195] systemd[1]: Started Uncomplicated firewall.
[[0;32m  OK  [0m] Started Uncomplicated firewall.
[    7.984027] systemd[1]: Started Create list of required static device nodes for the current kernel.
[[0;32m  OK  [0m] Started Create list of required sta...ce nodes for the current kernel.
[    7.987762] systemd[1]: Started Remount Root and Kernel File Systems.
[[0;32m  OK  [0m] Started Remount Root and Kernel File Systems.
[    8.003573] systemd[1]: Started LVM2 metadata daemon.
[[0;32m  OK  [0m] Started LVM2 metadata daemon.
[    8.007661] systemd[1]: Starting Load/Save Random Seed...
         Starting Load/Save Random Seed...
[    8.014373] systemd[1]: Starting udev Coldplug all Devices...
         Starting udev Coldplug all Devices...
[    8.018104] systemd[1]: Starting Create Static Device Nodes in /dev...
         Starting Create Static Device Nodes in /dev...
[    8.021751] systemd[1]: Started Journal Service.
[[0;32m  OK  [0m] Started Journal Service.
[    8.024130] iscsi: registered transport (iser)
[[0;32m  OK  [0m] Started Nameserver information manager.
[[0;32m  OK  [0m] Started Load/Save Random Seed.
         Starting Flush Journal to Persistent Storage...
[[0;32m  OK  [0m] Started Load Kernel Modules.
         Starting Apply Kernel Variables...
         Mounting FUSE Control File System...
[[0;32m  OK  [0m] Mounted FUSE Control File System.
[[0;32m  OK  [0m] Started Apply Kernel Variables.
[[0;32m  OK  [0m] Started Flush Journal to Persistent Storage.
[[0;32m  OK  [0m] Started Set console keymap.
[[0;32m  OK  [0m] Started Create Static Device Nodes in /dev.
         Starting udev Kernel Device Manager...
[[0;32m  OK  [0m] Started udev Coldplug all Devices.
[[0;32m  OK  [0m] Started udev Kernel Device Manager.
[[0;32m  OK  [0m] Started Dispatch Password Requests to Console Directory Watch.
[[0;32m  OK  [0m] Started Monitoring of LVM2 mirrors,...ng dmeventd or progress polling.
[[0;32m  OK  [0m] Reached target Local File Systems (Pre).
[[0;32m  OK  [0m] Reached target Local File Systems.
         Starting Tell Plymouth To Write Out Runtime Data...
         Starting LSB: AppArmor initialization...
         Starting Create Volatile Files and Directories...
         Starting Set console font and keymap...
         Starting Initial cloud-init job (pre-networking)...
[[0;32m  OK  [0m] Started Tell Plymouth To Write Out Runtime Data.
[[0;32m  OK  [0m] Started Create Volatile Files and Directories.
         Starting Update UTMP about System Boot/Shutdown...
[[0;32m  OK  [0m] Started Update UTMP about System Boot/Shutdown.
[[0;32m  OK  [0m] Found device /dev/ttyS0.
[[0;32m  OK  [0m] Started LSB: AppArmor initialization.
[[0;32m  OK  [0m] Listening on Load/Save RF Kill Switch Status /dev/rfkill Watch.
[[0;32m  OK  [0m] Found device 82540EM Gigabit Ethern...r (PRO/1000 MT Desktop Adapter).
[    8.752112] cloud-init[499]: Cloud-init v. 19.4-33-gbb4131a2-0ubuntu1~16.04.1 running 'init-local' at Mon, 22 Jun 2020 15:24:06 +0000. Up 8.53 seconds.
[[0;32m  OK  [0m] Started Set console font and keymap.
[[0;32m  OK  [0m] Created slice system-getty.slice.
[[0;32m  OK  [0m] Started Initial cloud-init job (pre-networking).
[[0;32m  OK  [0m] Reached target Network (Pre).
[[0;32m  OK  [0m] Started ifup for enp0s3.
         Starting Raise network interfaces...
[[0;32m  OK  [0m] Started Raise network interfaces.
[[0;32m  OK  [0m] Reached target Network.
         Starting Initial cloud-init job (metadata service crawler)...
[    9.340112] cloud-init[995]: Cloud-init v. 19.4-33-gbb4131a2-0ubuntu1~16.04.1 running 'init' at Mon, 22 Jun 2020 15:24:06 +0000. Up 9.15 seconds.
[    9.342118] cloud-init[995]: ci-info: ++++++++++++++++++++++++++++++++++++++Net device info+++++++++++++++++++++++++++++++++++++++
[    9.344327] cloud-init[995]: ci-info: +--------+-------+----------------------------+---------------+--------+-------------------+
[    9.346054] cloud-init[995]: ci-info: | Device |   Up  |          Address           |      Mask     | Scope  |     Hw-Address    |
[    9.347800] cloud-init[995]: ci-info: +--------+-------+----------------------------+---------------+--------+-------------------+
[    9.349571] cloud-init[995]: ci-info: | enp0s3 |  True |         10.0.2.15          | 255.255.255.0 | global | 02:89:fa:04:16:8f |
[    9.351662] cloud-init[995]: ci-info: | enp0s3 |  True | fe80::89:faff:fe04:168f/64 |       .       |  link  | 02:89:fa:04:16:8f |
[    9.353538] cloud-init[995]: ci-info: | enp0s8 | False |             .              |       .       |   .    | 08:00:27:35:17:9d |
[    9.355376] cloud-init[995]: ci-info: |   lo   |  True |         127.0.0.1          |   255.0.0.0   |  host  |         .         |
[    9.357190] cloud-init[995]: ci-info: |   lo   |  True |          ::1/128           |       .       |  host  |         .         |
[    9.358945] cloud-init[995]: ci-info: +--------+-------+----------------------------+---------------+--------+-------------------+
[    9.360686] cloud-init[995]: ci-info: +++++++++++++++++++++++++++Route IPv4 info++++++++++++++++++++++++++++
[    9.361830] cloud-init[995]: ci-info: +-------+-------------+----------+---------------+-----------+-------+
[    9.368529] cloud-init[995]: ci-info: | Route | Destination | Gateway  |    Genmask    | Interface | Flags |
[    9.369882] cloud-init[995]: ci-info: +-------+-------------+----------+---------------+-----------+-------+
[    9.371369] cloud-init[995]: ci-info: |   0   |   0.0.0.0   | 10.0.2.2 |    0.0.0.0    |   enp0s3  |   UG  |
[    9.373403] cloud-init[995]: ci-info: |   1   |   10.0.2.0  | 0.0.0.0  | 255.255.255.0 |   enp0s3  |   U   |
[    9.375111] cloud-init[995]: ci-info: +-------+-------------+----------+---------------+-----------+-------+
[    9.376578] cloud-init[995]: ci-info: +++++++++++++++++++Route IPv6 info+++++++++++++++++++
[    9.378034] cloud-init[995]: ci-info: +-------+-------------+---------+-----------+-------+
[    9.379356] cloud-init[995]: ci-info: | Route | Destination | Gateway | Interface | Flags |
[    9.388686] cloud-init[995]: ci-info: +-------+-------------+---------+-----------+-------+
[    9.396329] cloud-init[995]: ci-info: |   0   |  fe80::/64  |    ::   |   enp0s3  |   U   |
[    9.397462] cloud-init[995]: ci-info: |   3   |   ff00::/8  |    ::   |   enp0s3  |   U   |
[    9.398800] cloud-init[995]: ci-info: +-------+-------------+---------+-----------+-------+
[[0;32m  OK  [0m] Started Initial cloud-init job (metadata service crawler).
[[0;32m  OK  [0m] Reached target System Initialization.
[[0;32m  OK  [0m] Started Daily Cleanup of Temporary Directories.
[[0;32m  OK  [0m] Started ACPI Events Check.
[[0;32m  OK  [0m] Reached target Paths.
[[0;32m  OK  [0m] Listening on UUID daemon activation socket.
[[0;32m  OK  [0m] Listening on D-Bus System Message Bus Socket.
         Starting Socket activation for snappy daemon.
[[0;32m  OK  [0m] Started Message of the Day.
         Starting LXD - unix socket.
[[0;32m  OK  [0m] Listening on ACPID Listen Socket.
[[0;32m  OK  [0m] Started Daily apt download activities.
[[0;32m  OK  [0m] Started Daily apt upgrade and clean activities.
[[0;32m  OK  [0m] Reached target Timers.
[[0;32m  OK  [0m] Reached target Network is Online.
         Starting iSCSI initiator daemon (iscsid)...
[[0;32m  OK  [0m] Reached target Cloud-config availability.
[[0;32m  OK  [0m] Listening on Socket activation for snappy daemon.
[[0;32m  OK  [0m] Listening on LXD - unix socket.
[[0;32m  OK  [0m] Reached target Sockets.
[[0;32m  OK  [0m] Reached target Basic System.
         Starting Accounts Service...
[[0;32m  OK  [0m] Started Deferred execution scheduler.
         Starting LSB: MD monitoring daemon...
[[0;32m  OK  [0m] Started Regular background program processing daemon.
         Starting LSB: Record successful boot for GRUB...
[[0;32m  OK  [0m] Started D-Bus System Message Bus.
         Starting System Logging Service...
         Starting LXD - container startup/shutdown...
         Starting A high performance web server and a reverse proxy server...
         Starting /etc/rc.local Compatibility...
         Starting Login Service...
         Starting OpenBSD Secure Shell server...
[[0;32m  OK  [0m] Started FUSE filesystem for LXC.
         Starting Virtualbox guest utils...
[[0;32m  OK  [0m] Started ACPI event daemon.
         Starting Snappy daemon...
[[0;32m  OK  [0m] Started iSCSI initiator daemon (iscsid).
[[0;32m  OK  [0m] Started /etc/rc.local Compatibility.
[[0;32m  OK  [0m] Started System Logging Service.
         Starting Authenticate and Authorize Users to Run Privileged Tasks...
         Starting Login to default iSCSI targets...
[[0;32m  OK  [0m] Started Login Service.
[[0;32m  OK  [0m] Started Unattended Upgrades Shutdown.
[[0;32m  OK  [0m] Started LSB: Record successful boot for GRUB.
[[0;32m  OK  [0m] Started OpenBSD Secure Shell server.
[[0;32m  OK  [0m] Started Login to default iSCSI targets.
[[0;32m  OK  [0m] Reached target Remote File Systems (Pre).
[[0;32m  OK  [0m] Reached target Remote File Systems.
         Starting LSB: daemon to balance interrupts for SMP systems...
         Starting LSB: Set the CPU Frequency Scaling governor to "ondemand"...
         Starting Permit User Sessions...
         Starting LSB: automatic crash report generation...
[[0;32m  OK  [0m] Started Permit User Sessions.
         Starting Hold until boot process finishes up...
         Starting Terminate Plymouth Boot Screen...
[[0;32m  OK  [0m] Started Hold until boot process finishes up.
         Starting Set console scheme...
[[0;32m  OK  [0m] Started Getty on tty1.
[[0;32m  OK  [0m] Started Serial Getty on ttyS0.
[[0;32m  OK  [0m] Reached target Login Prompts.
[[0;32m  OK  [0m] Started Set console scheme.
[[0;32m  OK  [0m] Started Terminate Plymouth Boot Screen.
[[0;32m  OK  [0m] Started LSB: MD monitoring daemon.
[[0;32m  OK  [0m] Started LSB: Set the CPU Frequency Scaling governor to "ondemand".
[[0;32m  OK  [0m] Started LXD - container startup/shutdown.
[[0;32m  OK  [0m] Started Authenticate and Authorize Users to Run Privileged Tasks.
[[0;32m  OK  [0m] Started Accounts Service.
[[0;32m  OK  [0m] Started LSB: automatic crash report generation.
[[0;32m  OK  [0m] Started LSB: daemon to balance interrupts for SMP systems.
[[0;32m  OK  [0m] Started Virtualbox guest utils.
[[0;32m  OK  [0m] Started A high performance web server and a reverse proxy server.
[[0;32m  OK  [0m] Started Snappy daemon.
         Starting Wait until snapd is fully seeded...
[[0;32m  OK  [0m] Started Wait until snapd is fully seeded.
         Starting Apply the settings specified in cloud-config...
[[0;32m  OK  [0m] Reached target Multi-User System.
[[0;32m  OK  [0m] Reached target Graphical Interface.
         Starting Update UTMP about System Runlevel Changes...
[[0;32m  OK  [0m] Started Update UTMP about System Runlevel Changes.
[   10.100359] cloud-init[1263]: Cloud-init v. 19.4-33-gbb4131a2-0ubuntu1~16.04.1 running 'modules:config' at Mon, 22 Jun 2020 15:24:07 +0000. Up 10.03 seconds.
[[0;32m  OK  [0m] Started Apply the settings specified in cloud-config.
         Starting Execute cloud user/final scripts...
[   10.399073] cloud-init[1275]: Cloud-init v. 19.4-33-gbb4131a2-0ubuntu1~16.04.1 running 'modules:final' at Mon, 22 Jun 2020 15:24:08 +0000. Up 10.33 seconds.
[   10.401607] cloud-init[1275]: Cloud-init v. 19.4-33-gbb4131a2-0ubuntu1~16.04.1 finished at Mon, 22 Jun 2020 15:24:08 +0000. Datasource DataSourceNoCloud [seed=/dev/sdb][dsmode=net].  Up 10.39 seconds
[[0;32m  OK  [0m] Started Execute cloud user/final scripts.
[[0;32m  OK  [0m] Reached target Cloud-init target.

Ubuntu 16.04.6 LTS ubuntu-xenial ttyS0

ubuntu-xenial login: 